<?xml version="1.0" encoding="UTF-8"?>
<!-- Generated by org.testng.reporters.JUnitReportReporter -->
<testsuite skipped="0" hostname="yogita325401" name="test.PageObjectModel" tests="1" failures="0" timestamp="9 Jul 2017 07:18:35 GMT" time="19.860" errors="0">
  <testcase name="test1" time="19.860" classname="test.PageObjectModel"/>
</testsuite> <!-- test.PageObjectModel -->
