<?xml version="1.0" encoding="UTF-8"?>
<!-- Generated by org.testng.reporters.JUnitReportReporter -->
<testsuite skipped="0" hostname="yogita325401" name="com.test.PageTest" tests="2" failures="0" timestamp="10 Jul 2017 06:35:38 GMT" time="38.305" errors="0">
  <testcase name="zLabelsTest" time="17.179" classname="com.test.PageTest"/>
  <testcase name="zalandoTest" time="21.126" classname="com.test.PageTest"/>
</testsuite> <!-- com.test.PageTest -->
