<?xml version="1.0" encoding="UTF-8"?>
<!-- Generated by org.testng.reporters.JUnitReportReporter -->
<testsuite skipped="0" hostname="yogita325401" name="test.PageObjectTest" tests="2" failures="0" timestamp="9 Jul 2017 18:38:48 GMT" time="30.783" errors="0">
  <testcase name="zLabelsTest" time="16.730" classname="test.PageObjectTest"/>
  <testcase name="zalandoTest" time="14.053" classname="test.PageObjectTest"/>
</testsuite> <!-- test.PageObjectTest -->
