<?xml version="1.0" encoding="UTF-8"?>
<!-- Generated by org.testng.reporters.JUnitReportReporter -->
<testsuite skipped="0" hostname="yogita325401" name="com.test.PageTest" tests="2" failures="0" timestamp="9 Jul 2017 21:04:07 GMT" time="37.884" errors="0">
  <testcase name="zLabelsTest" time="23.356" classname="com.test.PageTest"/>
  <testcase name="zalandoTest" time="14.528" classname="com.test.PageTest"/>
</testsuite> <!-- com.test.PageTest -->
