<?xml version="1.0" encoding="UTF-8"?>
<!-- Generated by org.testng.reporters.JUnitReportReporter -->
<testsuite skipped="0" hostname="yogita325401" name="test.PageTest" tests="2" failures="0" timestamp="9 Jul 2017 18:51:08 GMT" time="27.182" errors="0">
  <testcase name="zLabelsTest" time="14.394" classname="test.PageTest"/>
  <testcase name="zalandoTest" time="12.788" classname="test.PageTest"/>
</testsuite> <!-- test.PageTest -->
