<?xml version="1.0" encoding="UTF-8"?>
<!-- Generated by org.testng.reporters.JUnitReportReporter -->
<testsuite skipped="0" hostname="yogita325401" name="test.PageObjectModel" tests="1" failures="0" timestamp="8 Jul 2017 17:39:02 GMT" time="42.605" errors="0">
  <testcase name="test1" time="42.605" classname="test.PageObjectModel"/>
</testsuite> <!-- test.PageObjectModel -->
